Flow report for modul5C
Wed Nov 27 20:59:13 2019
Quartus II Version 9.1 Build 222 10/21/2009 SJ Web Edition


---------------------
; Table of Contents ;
---------------------
  1. Legal Notice
  2. Flow Summary
  3. Flow Settings
  4. Flow Non-Default Global Settings
  5. Flow Elapsed Time
  6. Flow OS Summary
  7. Flow Log



----------------
; Legal Notice ;
----------------
Copyright (C) 1991-2009 Altera Corporation
Your use of Altera Corporation's design tools, logic functions 
and other software and tools, and its AMPP partner logic 
functions, and any output files from any of the foregoing 
(including device programming or simulation files), and any 
associated documentation or information are expressly subject 
to the terms and conditions of the Altera Program License 
Subscription Agreement, Altera MegaCore Function License 
Agreement, or other applicable license agreement, including, 
without limitation, that your use is for the sole purpose of 
programming logic devices manufactured by Altera and sold by 
Altera or its authorized distributors.  Please refer to the 
applicable agreement for further details.



+------------------------------------------------------------------------------+
; Flow Summary                                                                 ;
+------------------------------------+-----------------------------------------+
; Flow Status                        ; Successful - Wed Nov 27 20:59:13 2019   ;
; Quartus II Version                 ; 9.1 Build 222 10/21/2009 SJ Web Edition ;
; Revision Name                      ; modul5C                                 ;
; Top-level Entity Name              ; color_rom_vhd                           ;
; Family                             ; Cyclone II                              ;
; Device                             ; EP2C20F484C7                            ;
; Timing Models                      ; Final                                   ;
; Met timing requirements            ; Yes                                     ;
; Total logic elements               ; 856 / 18,752 ( 5 % )                    ;
;     Total combinational functions  ; 856 / 18,752 ( 5 % )                    ;
;     Dedicated logic registers      ; 218 / 18,752 ( 1 % )                    ;
; Total registers                    ; 218                                     ;
; Total pins                         ; 53 / 315 ( 17 % )                       ;
; Total virtual pins                 ; 0                                       ;
; Total memory bits                  ; 0 / 239,616 ( 0 % )                     ;
; Embedded Multiplier 9-bit elements ; 0 / 52 ( 0 % )                          ;
; Total PLLs                         ; 0 / 4 ( 0 % )                           ;
+------------------------------------+-----------------------------------------+


+-----------------------------------------+
; Flow Settings                           ;
+-------------------+---------------------+
; Option            ; Setting             ;
+-------------------+---------------------+
; Start date & time ; 11/27/2019 20:58:42 ;
; Main task         ; Compilation         ;
; Revision Name     ; modul5C             ;
+-------------------+---------------------+


+---------------------------------------------------------------------------------------------------------------------+
; Flow Non-Default Global Settings                                                                                    ;
+------------------------------------+-------------------------------+---------------+---------------+----------------+
; Assignment Name                    ; Value                         ; Default Value ; Entity Name   ; Section Id     ;
+------------------------------------+-------------------------------+---------------+---------------+----------------+
; COMPILER_SIGNATURE_ID              ; 5025750461964.157486312215724 ; --            ; --            ; --             ;
; MAX_CORE_JUNCTION_TEMP             ; 85                            ; --            ; --            ; --             ;
; MIN_CORE_JUNCTION_TEMP             ; 0                             ; --            ; --            ; --             ;
; MISC_FILE                          ; F:/modul5C/modul5C.dpf        ; --            ; --            ; --             ;
; PARTITION_COLOR                    ; 16764057                      ; --            ; color_rom_vhd ; Top            ;
; PARTITION_NETLIST_TYPE             ; SOURCE                        ; --            ; color_rom_vhd ; Top            ;
; TOP_LEVEL_ENTITY                   ; color_rom_vhd                 ; modul5C       ; --            ; --             ;
; USE_GENERATED_PHYSICAL_CONSTRAINTS ; Off                           ; --            ; --            ; eda_blast_fpga ;
+------------------------------------+-------------------------------+---------------+---------------+----------------+


+-----------------------------------------------------------------------------------------------------------------------------+
; Flow Elapsed Time                                                                                                           ;
+-------------------------+--------------+-------------------------+---------------------+------------------------------------+
; Module Name             ; Elapsed Time ; Average Processors Used ; Peak Virtual Memory ; Total CPU Time (on all processors) ;
+-------------------------+--------------+-------------------------+---------------------+------------------------------------+
; Analysis & Synthesis    ; 00:00:09     ; 1.0                     ; 254 MB              ; 00:00:11                           ;
; Fitter                  ; 00:00:12     ; 1.0                     ; 282 MB              ; 00:00:15                           ;
; Assembler               ; 00:00:04     ; 1.0                     ; 246 MB              ; 00:00:03                           ;
; Classic Timing Analyzer ; 00:00:01     ; 1.0                     ; 185 MB              ; 00:00:02                           ;
; Total                   ; 00:00:26     ; --                      ; --                  ; 00:00:31                           ;
+-------------------------+--------------+-------------------------+---------------------+------------------------------------+


+------------------------------------------------------------------------------------------+
; Flow OS Summary                                                                          ;
+-------------------------+------------------+---------------+------------+----------------+
; Module Name             ; Machine Hostname ; OS Name       ; OS Version ; Processor type ;
+-------------------------+------------------+---------------+------------+----------------+
; Analysis & Synthesis    ; LAPTOP-RQB8TGTS  ; Windows Vista ; 6.2        ; x86_64         ;
; Fitter                  ; LAPTOP-RQB8TGTS  ; Windows Vista ; 6.2        ; x86_64         ;
; Assembler               ; LAPTOP-RQB8TGTS  ; Windows Vista ; 6.2        ; x86_64         ;
; Classic Timing Analyzer ; LAPTOP-RQB8TGTS  ; Windows Vista ; 6.2        ; x86_64         ;
+-------------------------+------------------+---------------+------------+----------------+


------------
; Flow Log ;
------------
quartus_map --read_settings_files=on --write_settings_files=off modul5C -c modul5C
quartus_fit --read_settings_files=off --write_settings_files=off modul5C -c modul5C
quartus_asm --read_settings_files=off --write_settings_files=off modul5C -c modul5C
quartus_tan --read_settings_files=off --write_settings_files=off modul5C -c modul5C --timing_analysis_only



